[0m[[0m[0mdebug[0m] [0m[0m> Exec(fastLinkJS, None, None)[0m
[0m[[0m[33mwarn[0m] [0m[0mbuild source files have changed[0m
[0m[[0m[33mwarn[0m] [0m[0mmodified files: [0m
[0m[[0m[33mwarn[0m] [0m[0m  /Users/rob/IdeaProjects/spotify-mood-app/build.sbt[0m
[0m[[0m[33mwarn[0m] [0m[0mApply these changes by running `reload`.[0m
[0m[[0m[33mwarn[0m] [0m[0mAutomatically reload the build when source changes are detected by setting `Global / onChangedBuildSource := ReloadOnSourceChanges`.[0m
[0m[[0m[33mwarn[0m] [0m[0mDisable this warning by setting `Global / onChangedBuildSource := IgnoreSourceChanges`.[0m
[0m[[0m[0mdebug[0m] [0m[0mEvaluating tasks: Compile / fastLinkJS[0m
[0m[[0m[0mdebug[0m] [0m[0mRunning task... Cancel: Signal, check cycles: false, forcegc: true[0m
[0m[[0m[0minfo[0m] [0m[0mcompiling 1 Scala source to /Users/rob/IdeaProjects/spotify-mood-app/target/scala-2.13/classes ...[0m
[0m[[0m[31merror[0m] [0m[0m/Users/rob/IdeaProjects/spotify-mood-app/src/main/scala/ras/spotify/redirectToSpotifyAuthorise.scala:7:8: not found: object pt[0m
[0m[[0m[31merror[0m] [0m[0mimport pt.kcry.sha.Sha2_256[0m
[0m[[0m[31merror[0m] [0m[0m       ^[0m
[0m[[0m[31merror[0m] [0m[0m/Users/rob/IdeaProjects/spotify-mood-app/src/main/scala/ras/spotify/redirectToSpotifyAuthorise.scala:37:11: not found: value Sha2_256[0m
[0m[[0m[31merror[0m] [0m[0m  println(Sha2_256.hash(codeVerifier.getBytes()))[0m
[0m[[0m[31merror[0m] [0m[0m          ^[0m
[0m[[0m[31merror[0m] [0m[0mtwo errors found[0m
[0m[[0m[0mdebug[0m] [0m[0mGlobal IR cache stats: reused: 0 -- invalidated: 0 -- trees read: 0[0m
[0m[[0m[0mdebug[0m] [0m[0mForcing garbage collection...[0m
[0m[[0m[31merror[0m] [0m[0m(Compile / [31mcompileIncremental[0m) Compilation failed[0m
[0m[[0m[31merror[0m] [0m[0mTotal time: 0 s, completed 2 Dec 2023, 23:07:10[0m
[0m[[0m[0mdebug[0m] [0m[0m> Exec(idea-shell, None, None)[0m
